#
# A fatal error has been detected by the Java Runtime Environment:
#
#  Internal Error (javaClasses.cpp:129), pid=8976, tid=3820
#  fatal error: Invalid layout of preloaded class
#
# JRE version: 7.0_13-b20
# Java VM: Java HotSpot(TM) Client VM (23.7-b01 mixed mode windows-x86 )
# Failed to write core dump. Minidumps are not enabled by default on client versions of Windows
#
# If you would like to submit a bug report, please visit:
#   http://bugreport.sun.com/bugreport/crash.jsp
#

---------------  T H R E A D  ---------------

Current thread (0x027bb800):  JavaThread "Unknown thread" [_thread_in_vm, id=3820, stack(0x01ea0000,0x01ef0000)]

Stack: [0x01ea0000,0x01ef0000],  sp=0x01eef51c,  free space=317k
Native frames: (J=compiled Java code, j=interpreted, Vv=VM code, C=native code)
V  [jvm.dll+0x16f261]
V  [jvm.dll+0x1693d6]
V  [jvm.dll+0x2079f]
V  [jvm.dll+0x20826]
V  [jvm.dll+0x2e5bd]
V  [jvm.dll+0x2e869]
V  [jvm.dll+0x77ba1]
V  [jvm.dll+0x77f5b]
V  [jvm.dll+0x1290e1]
V  [jvm.dll+0x149b3a]
V  [jvm.dll+0xa98df]
C  [javaw.exe+0x13ca]
C  [javaw.exe+0x1e3c]
C  [javaw.exe+0xa5a1]
C  [javaw.exe+0xa62b]
C  [kernel32.dll+0x1336a]  BaseThreadInitThunk+0x12
C  [ntdll.dll+0x39882]  RtlInitializeExceptionChain+0x63
C  [ntdll.dll+0x39855]  RtlInitializeExceptionChain+0x36


---------------  P R O C E S S  ---------------

Java Threads: ( => current thread )

Other Threads:

=>0x027bb800 (exited) JavaThread "Unknown thread" [_thread_in_vm, id=3820, stack(0x01ea0000,0x01ef0000)]

VM state:not at safepoint (not fully initialized)

VM Mutex/Monitor currently owned by a thread: None

GC Heap History (0 events):
No events

Deoptimization events (0 events):
No events

Internal exceptions (0 events):
No events

Events (10 events):
Event: 0.014 loading class 0x02617428 done
Event: 0.014 loading class 0x02615bc8 done
Event: 0.014 loading class 0x02615ba0
Event: 0.014 loading class 0x02690718
Event: 0.014 loading class 0x02690718 done
Event: 0.014 loading class 0x02690750
Event: 0.014 loading class 0x02690750 done
Event: 0.014 loading class 0x02685db8
Event: 0.014 loading class 0x02685db8 done
Event: 0.014 loading class 0x02615ba0 done


Dynamic libraries:
0x00290000 - 0x002bf000 	C:\Program Files (x86)\Java\jre7\bin\javaw.exe
0x778f0000 - 0x77a70000 	C:\Windows\SysWOW64\ntdll.dll
0x75060000 - 0x75170000 	C:\Windows\syswow64\kernel32.dll
0x75010000 - 0x75057000 	C:\Windows\syswow64\KERNELBASE.dll
0x759c0000 - 0x75a60000 	C:\Windows\syswow64\ADVAPI32.dll
0x75410000 - 0x754bc000 	C:\Windows\syswow64\msvcrt.dll
0x75af0000 - 0x75b09000 	C:\Windows\SysWOW64\sechost.dll
0x758c0000 - 0x759b0000 	C:\Windows\syswow64\RPCRT4.dll
0x74fb0000 - 0x75010000 	C:\Windows\syswow64\SspiCli.dll
0x74fa0000 - 0x74fac000 	C:\Windows\syswow64\CRYPTBASE.dll
0x76010000 - 0x76110000 	C:\Windows\syswow64\USER32.dll
0x75830000 - 0x758c0000 	C:\Windows\syswow64\GDI32.dll
0x755e0000 - 0x755ea000 	C:\Windows\syswow64\LPK.dll
0x752f0000 - 0x7538d000 	C:\Windows\syswow64\USP10.dll
0x71bb0000 - 0x71d4e000 	C:\Windows\WinSxS\x86_microsoft.windows.common-controls_6595b64144ccf1df_6.0.7601.18837_none_41e855142bd5705d\COMCTL32.dll
0x75b10000 - 0x75b67000 	C:\Windows\syswow64\SHLWAPI.dll
0x75170000 - 0x751d0000 	C:\Windows\system32\IMM32.DLL
0x754c0000 - 0x7558c000 	C:\Windows\syswow64\MSCTF.dll
0x6dbf0000 - 0x6dcae000 	C:\Program Files (x86)\Java\jre7\bin\msvcr100.dll
0x6e130000 - 0x6e47d000 	C:\Program Files (x86)\Java\jre7\bin\client\jvm.dll
0x74b30000 - 0x74b37000 	C:\Windows\system32\WSOCK32.dll
0x75fd0000 - 0x76005000 	C:\Windows\syswow64\WS2_32.dll
0x759b0000 - 0x759b6000 	C:\Windows\syswow64\NSI.dll
0x735e0000 - 0x73612000 	C:\Windows\system32\WINMM.dll
0x75e00000 - 0x75e05000 	C:\Windows\syswow64\PSAPI.DLL
0x714d0000 - 0x714dc000 	C:\Program Files (x86)\Java\jre7\bin\verify.dll
0x71450000 - 0x71470000 	C:\Program Files (x86)\Java\jre7\bin\java.dll
0x71470000 - 0x71483000 	C:\Program Files (x86)\Java\jre7\bin\zip.dll
0x72f20000 - 0x7300b000 	C:\Windows\system32\dbghelp.dll

VM Arguments:
jvm_args: -Dfile.encoding=UTF-8 -Xbootclasspath:E:\android_sdk\sdk\platforms\android-20\android.jar 
java_command: org.eclipse.jdt.internal.junit.runner.RemoteTestRunner -version 3 -port 53224 -testLoaderClass org.eclipse.jdt.internal.junit4.runner.JUnit4TestLoader -loaderpluginname org.eclipse.jdt.junit4.runtime -test test.TestSocket:test
Launcher Type: SUN_STANDARD

Environment Variables:
JAVA_HOME=C:\Program Files (x86)\Java\jdk1.7.0_13
CLASSPATH=.;C:\Program Files (x86)\Java\jdk1.7.0_13\lib;C:\Program Files (x86)\Java\jdk1.7.0_13\lib\tools.jar
PATH=C:/Program Files (x86)/Java/jre7/bin/client;C:/Program Files (x86)/Java/jre7/bin;C:/Program Files (x86)/Java/jre7/lib/i386;C:\Windows\system32;C:\Windows;C:\Windows\System32\Wbem;C:\Windows\System32\WindowsPowerShell\v1.0\;E:\Program Files\mysql\bin;D:\maven3.3.1\bin;C:\Program Files (x86)\Java\jdk1.7.0_13\bin;C:\Program Files (x86)\Java\jdk1.7.0_13\jre\bin;;E:\Program Files\eclipse;
USERNAME=Administrator
OS=Windows_NT
PROCESSOR_IDENTIFIER=AMD64 Family 16 Model 6 Stepping 3, AuthenticAMD



---------------  S Y S T E M  ---------------

OS: Windows 7 , 64 bit Build 7601 Service Pack 1

CPU:total 2 (2 cores per cpu, 1 threads per core) family 16 model 6 stepping 3, cmov, cx8, fxsr, mmx, sse, sse2, sse3, popcnt, mmxext, 3dnowpref, lzcnt, tsc, tscinvbit, tscinv

Memory: 4k page, physical 4190028k(2399092k free), swap 8378216k(5539896k free)

vm_info: Java HotSpot(TM) Client VM (23.7-b01) for windows-x86 JRE (1.7.0_13-b20), built on Jan 30 2013 10:03:58 by "java_re" with unknown MS VC++:1600

time: Tue Feb 16 20:02:58 2016
elapsed time: 0 seconds

